Using pre-set license
Built from '2020.3/staging' branch; Version is '2020.3.18f1 (a7d1c678663c) revision 10998214'; Using compiler version '192528614'; Build Type 'Release'
OS: 'Windows 10 Home; OS build 19043.1237; Version 2009; 64bit' Language: 'en' Physical Memory: 65472 MB
BatchMode: 1, IsHumanControllingUs: 0, StartBugReporterOnCrash: 0, Is64bit: 1, IsPro: 0

COMMAND LINE ARGUMENTS:
C:\Program Files\2020.3.18f1\Editor\Unity.exe
-adb2
-batchMode
-noUpm
-name
AssetImportWorker0
-projectPath
Z:/Moveeeeeeeeee/Moveeeeeeeeee
-logFile
Logs/AssetImportWorker0.log
-srvPort
52839
Successfully changed project path to: Z:/Moveeeeeeeeee/Moveeeeeeeeee
Z:/Moveeeeeeeeee/Moveeeeeeeeee
Using Asset Import Pipeline V2.
Refreshing native plugins compatible for Editor in 290.74 ms, found 2 plugins.
Preloading 0 native plugins for Editor in 0.00 ms.
Initialize engine version: 2020.3.18f1 (a7d1c678663c)
[Subsystems] Discovering subsystems at path C:/Program Files/2020.3.18f1/Editor/Data/Resources/UnitySubsystems
[Subsystems] Discovering subsystems at path Z:/Moveeeeeeeeee/Moveeeeeeeeee/Assets
GfxDevice: creating device client; threaded=0
Direct3D:
    Version:  Direct3D 11.0 [level 11.1]
    Renderer: NVIDIA GeForce GTX 980 Ti (ID=0x17c8)
    Vendor:   
    VRAM:     6097 MB
    Driver:   30.0.14.7212
Initialize mono
Mono path[0] = 'C:/Program Files/2020.3.18f1/Editor/Data/Managed'
Mono path[1] = 'C:/Program Files/2020.3.18f1/Editor/Data/MonoBleedingEdge/lib/mono/unityjit'
Mono config path = 'C:/Program Files/2020.3.18f1/Editor/Data/MonoBleedingEdge/etc'
Using monoOptions --debugger-agent=transport=dt_socket,embedding=1,server=y,suspend=n,address=127.0.0.1:56712
Begin MonoManager ReloadAssembly
Registering precompiled unity dll's ...
Register platform support module: C:/Program Files/2020.3.18f1/Editor/Data/PlaybackEngines/WindowsStandaloneSupport/UnityEditor.WindowsStandalone.Extensions.dll
Registered in 0.004110 seconds.
Native extension for WindowsStandalone target not found
Refreshing native plugins compatible for Editor in 63.65 ms, found 2 plugins.
Preloading 0 native plugins for Editor in 0.00 ms.
Mono: successfully reloaded assembly
- Completed reload, in  1.451 seconds
Domain Reload Profiling:
	ReloadAssembly (1452ms)
		BeginReloadAssembly (67ms)
			ExecutionOrderSort (0ms)
			DisableScriptedObjects (0ms)
			BackupInstance (0ms)
			ReleaseScriptingObjects (0ms)
			CreateAndSetChildDomain (1ms)
		EndReloadAssembly (538ms)
			LoadAssemblies (64ms)
			RebuildTransferFunctionScriptingTraits (0ms)
			SetupTypeCache (191ms)
			ReleaseScriptCaches (0ms)
			RebuildScriptCaches (36ms)
			SetupLoadedEditorAssemblies (220ms)
				LogAssemblyErrors (0ms)
				InitializePlatformSupportModulesInManaged (6ms)
				SetLoadedEditorAssemblies (0ms)
				RefreshPlugins (64ms)
				BeforeProcessingInitializeOnLoad (19ms)
				ProcessInitializeOnLoadAttributes (96ms)
				ProcessInitializeOnLoadMethodAttributes (35ms)
				AfterProcessingInitializeOnLoad (0ms)
				EditorAssembliesLoaded (0ms)
			ExecutionOrderSort2 (0ms)
			AwakeInstancesAfterBackupRestoration (0ms)
Platform modules already initialized, skipping
Registering precompiled user dll's ...
Registered in 0.046524 seconds.
Begin MonoManager ReloadAssembly
Native extension for WindowsStandalone target not found
Refreshing native plugins compatible for Editor in 63.15 ms, found 2 plugins.
Preloading 0 native plugins for Editor in 0.00 ms.
Mono: successfully reloaded assembly
- Completed reload, in  2.423 seconds
Domain Reload Profiling:
	ReloadAssembly (2430ms)
		BeginReloadAssembly (157ms)
			ExecutionOrderSort (0ms)
			DisableScriptedObjects (5ms)
			BackupInstance (0ms)
			ReleaseScriptingObjects (0ms)
			CreateAndSetChildDomain (18ms)
		EndReloadAssembly (2083ms)
			LoadAssemblies (403ms)
			RebuildTransferFunctionScriptingTraits (0ms)
			SetupTypeCache (355ms)
			ReleaseScriptCaches (1ms)
			RebuildScriptCaches (66ms)
			SetupLoadedEditorAssemblies (1077ms)
				LogAssemblyErrors (0ms)
				InitializePlatformSupportModulesInManaged (4ms)
				SetLoadedEditorAssemblies (1ms)
				RefreshPlugins (63ms)
				BeforeProcessingInitializeOnLoad (95ms)
				ProcessInitializeOnLoadAttributes (899ms)
				ProcessInitializeOnLoadMethodAttributes (4ms)
				AfterProcessingInitializeOnLoad (10ms)
				EditorAssembliesLoaded (0ms)
			ExecutionOrderSort2 (0ms)
			AwakeInstancesAfterBackupRestoration (8ms)
Platform modules already initialized, skipping
========================================================================
Worker process is ready to serve import requests
Launched and connected shader compiler UnityShaderCompiler.exe after 0.15 seconds
Refreshing native plugins compatible for Editor in 0.41 ms, found 2 plugins.
Preloading 0 native plugins for Editor in 0.00 ms.
Unloading 2148 Unused Serialized files (Serialized files now loaded: 0)
System memory in use before: 121.3 MB.
System memory in use after: 121.3 MB.

Unloading 91 unused Assets to reduce memory usage. Loaded Objects now: 2608.
Total: 5.932500 ms (FindLiveObjects: 0.292100 ms CreateObjectMapping: 0.247400 ms MarkObjects: 5.107900 ms  DeleteObjects: 0.283500 ms)

AssetImportParameters requested are different than current active one (requested -> active):
  custom:framework-win-MediaFoundation: 216162199b28c13a410421893ffa2e32 -> 
  custom:video-decoder-ogg-theora: a1e56fd34408186e4bbccfd4996cb3dc -> 
  custom:container-muxer-webm: aa71ff27fc2769a1b78a27578f13a17b -> 
  custom:container-demuxer-webm: 4f35f7cbe854078d1ac9338744f61a02 -> 
  custom:container-demuxer-ogg: 62fdf1f143b41e24485cea50d1cbac27 -> 
  custom:video-encoder-webm-vp8: eb34c28f22e8b96e1ab97ce403110664 -> 
  custom:video-decoder-webm-vp8: 9c59270c3fd7afecdb556c50c9e8de78 -> 
  custom:audio-decoder-ogg-vorbis: bf7c407c2cedff20999df2af8eb42d56 -> 
  custom:audio-encoder-webm-vorbis: bf7c407c2cedff20999df2af8eb42d56 -> 
========================================================================
Received Import Request.
  path: Assets/Carrot.prefab
  artifactKey: Guid(16f58e7ccbb6f99428ba65ffdf0d8c4c) Importer(815301076,1909f56bfc062723c751e8b465ee728b)
Start importing Assets/Carrot.prefab using Guid(16f58e7ccbb6f99428ba65ffdf0d8c4c) Importer(815301076,1909f56bfc062723c751e8b465ee728b)  -> (artifact id: '0e6a00bef0465f836c3dabf89904eaf5') in 0.200464 seconds 
  Import took 0.219710 seconds .

========================================================================
Received Import Request.
  Time since last request: 6.414323 seconds.
  path: Assets/Scenes/Level 2.unity
  artifactKey: Guid(9fc0d4010bbf28b4594072e72b8655ab) Importer(815301076,1909f56bfc062723c751e8b465ee728b)
Start importing Assets/Scenes/Level 2.unity using Guid(9fc0d4010bbf28b4594072e72b8655ab) Importer(815301076,1909f56bfc062723c751e8b465ee728b)  -> (artifact id: '0ca29c3c939cd604a490329e3ff8b4c4') in 0.018473 seconds 
  Import took 0.040051 seconds .

========================================================================
Received Import Request.
  Time since last request: 53.633270 seconds.
  path: Assets/Carrot.prefab
  artifactKey: Guid(16f58e7ccbb6f99428ba65ffdf0d8c4c) Importer(815301076,1909f56bfc062723c751e8b465ee728b)
Start importing Assets/Carrot.prefab using Guid(16f58e7ccbb6f99428ba65ffdf0d8c4c) Importer(815301076,1909f56bfc062723c751e8b465ee728b)  -> (artifact id: '71a3d08fca72a184cf393258d295cdb6') in 0.062772 seconds 
  Import took 0.081872 seconds .

========================================================================
Received Import Request.
  Time since last request: 2.748923 seconds.
  path: Assets/Carrot.prefab
  artifactKey: Guid(16f58e7ccbb6f99428ba65ffdf0d8c4c) Importer(815301076,1909f56bfc062723c751e8b465ee728b)
Start importing Assets/Carrot.prefab using Guid(16f58e7ccbb6f99428ba65ffdf0d8c4c) Importer(815301076,1909f56bfc062723c751e8b465ee728b)  -> (artifact id: 'd0b5eb07770d7a70fd3938b5312cac86') in 0.052337 seconds 
  Import took 0.072565 seconds .

========================================================================
Received Import Request.
  Time since last request: 8.471273 seconds.
  path: Assets/Carrot.prefab
  artifactKey: Guid(16f58e7ccbb6f99428ba65ffdf0d8c4c) Importer(815301076,1909f56bfc062723c751e8b465ee728b)
Start importing Assets/Carrot.prefab using Guid(16f58e7ccbb6f99428ba65ffdf0d8c4c) Importer(815301076,1909f56bfc062723c751e8b465ee728b)  -> (artifact id: '51450b724b2de459a1d5f815f009bd04') in 0.068307 seconds 
  Import took 0.085732 seconds .

========================================================================
Received Import Request.
  Time since last request: 13.960621 seconds.
  path: Assets/Carrot.prefab
  artifactKey: Guid(16f58e7ccbb6f99428ba65ffdf0d8c4c) Importer(815301076,1909f56bfc062723c751e8b465ee728b)
Start importing Assets/Carrot.prefab using Guid(16f58e7ccbb6f99428ba65ffdf0d8c4c) Importer(815301076,1909f56bfc062723c751e8b465ee728b)  -> (artifact id: '7e1792227709297ad32165b1aae35385') in 0.060025 seconds 
  Import took 0.083198 seconds .

========================================================================
Received Import Request.
  Time since last request: 5.985310 seconds.
  path: Assets/Carrot.prefab
  artifactKey: Guid(16f58e7ccbb6f99428ba65ffdf0d8c4c) Importer(815301076,1909f56bfc062723c751e8b465ee728b)
Start importing Assets/Carrot.prefab using Guid(16f58e7ccbb6f99428ba65ffdf0d8c4c) Importer(815301076,1909f56bfc062723c751e8b465ee728b)  -> (artifact id: 'f8b75e5c218beb3bfca1f9ec5db57dd1') in 0.050183 seconds 
  Import took 0.065058 seconds .

========================================================================
Received Import Request.
  Time since last request: 10.084422 seconds.
  path: Assets/Carrot.prefab
  artifactKey: Guid(16f58e7ccbb6f99428ba65ffdf0d8c4c) Importer(815301076,1909f56bfc062723c751e8b465ee728b)
Start importing Assets/Carrot.prefab using Guid(16f58e7ccbb6f99428ba65ffdf0d8c4c) Importer(815301076,1909f56bfc062723c751e8b465ee728b)  -> (artifact id: '4d8efa4c60a1d3bd1b5fb40c924fd2dc') in 0.047892 seconds 
  Import took 0.064317 seconds .

========================================================================
Received Prepare
Registering precompiled user dll's ...
Registered in 0.054579 seconds.
Begin MonoManager ReloadAssembly
Native extension for WindowsStandalone target not found
Refreshing native plugins compatible for Editor in 0.87 ms, found 2 plugins.
Preloading 0 native plugins for Editor in 0.00 ms.
Mono: successfully reloaded assembly
- Completed reload, in  2.205 seconds
Domain Reload Profiling:
	ReloadAssembly (2206ms)
		BeginReloadAssembly (203ms)
			ExecutionOrderSort (0ms)
			DisableScriptedObjects (6ms)
			BackupInstance (0ms)
			ReleaseScriptingObjects (0ms)
			CreateAndSetChildDomain (45ms)
		EndReloadAssembly (1915ms)
			LoadAssemblies (374ms)
			RebuildTransferFunctionScriptingTraits (0ms)
			SetupTypeCache (342ms)
			ReleaseScriptCaches (1ms)
			RebuildScriptCaches (58ms)
			SetupLoadedEditorAssemblies (1016ms)
				LogAssemblyErrors (0ms)
				InitializePlatformSupportModulesInManaged (6ms)
				SetLoadedEditorAssemblies (1ms)
				RefreshPlugins (1ms)
				BeforeProcessingInitializeOnLoad (140ms)
				ProcessInitializeOnLoadAttributes (852ms)
				ProcessInitializeOnLoadMethodAttributes (4ms)
				AfterProcessingInitializeOnLoad (12ms)
				EditorAssembliesLoaded (0ms)
			ExecutionOrderSort2 (0ms)
			AwakeInstancesAfterBackupRestoration (8ms)
Platform modules already initialized, skipping
Refreshing native plugins compatible for Editor in 0.45 ms, found 2 plugins.
Preloading 0 native plugins for Editor in 0.00 ms.
Unloading 2040 Unused Serialized files (Serialized files now loaded: 0)
System memory in use before: 114.1 MB.
System memory in use after: 114.1 MB.

Unloading 77 unused Assets to reduce memory usage. Loaded Objects now: 2617.
Total: 3.954300 ms (FindLiveObjects: 0.215300 ms CreateObjectMapping: 0.084500 ms MarkObjects: 3.301200 ms  DeleteObjects: 0.351900 ms)

AssetImportParameters requested are different than current active one (requested -> active):
  custom:framework-win-MediaFoundation: 216162199b28c13a410421893ffa2e32 -> 
  custom:video-decoder-ogg-theora: a1e56fd34408186e4bbccfd4996cb3dc -> 
  custom:container-muxer-webm: aa71ff27fc2769a1b78a27578f13a17b -> 
  custom:container-demuxer-webm: 4f35f7cbe854078d1ac9338744f61a02 -> 
  custom:container-demuxer-ogg: 62fdf1f143b41e24485cea50d1cbac27 -> 
  custom:video-encoder-webm-vp8: eb34c28f22e8b96e1ab97ce403110664 -> 
  custom:video-decoder-webm-vp8: 9c59270c3fd7afecdb556c50c9e8de78 -> 
  custom:audio-decoder-ogg-vorbis: bf7c407c2cedff20999df2af8eb42d56 -> 
  custom:audio-encoder-webm-vorbis: bf7c407c2cedff20999df2af8eb42d56 -> 
AssetImportWorkerClient::OnTransportError - code=2 error=End of file
